<?xml version="1.0" encoding="UTF-8"?>
<!-- Generated by org.testng.reporters.JUnitReportReporter -->
<testsuite hostname="DESKTOP-DE1QNFQ" failures="0" tests="1" name="TestJunit3" time="2.147" errors="0" timestamp="2023-01-28T11:43:48 PST" skipped="0">
  <testcase classname="TestJunit3" name="validAllBoxChecked" time="2.147"/>
  <system-out/>
</testsuite> <!-- TestJunit3 -->
